SYMBOL_GRAPHICS_S00_MULT
SYMBOL_GRAPHICS_S01_ADD
SYMBOL_GRAPHICS_S02_SUB
SYMBOL_GRAPHICS_S03_DIV
SYMBOL_GRAPHICS_S04_EQUALS
SYMBOL_GRAPHICS_S05_GT
SYMBOL_GRAPHICS_S06_LT
SYMBOL_GRAPHICS_S07_AND
SYMBOL_GRAPHICS_S08_OR
SYMBOL_GRAPHICS_S09_NOT
SYMBOL_GRAPHICS_S0A_IF
SYMBOL_GRAPHICS_S0B_F0
SYMBOL_GRAPHICS_S0C_F1
SYMBOL_GRAPHICS_S0D_F2
SYMBOL_GRAPHICS_S0E_F3
SYMBOL_GRAPHICS_S0F_A0
SYMBOL_GRAPHICS_S10_A1
SYMBOL_GRAPHICS_S11_A2
SYMBOL_GRAPHICS_S12_A3
SYMBOL_GRAPHICS_S13_ZERO
SYMBOL_GRAPHICS_S14_ONE
SYMBOL_GRAPHICS_S15_TWO
SYMBOL_GRAPHICS_S16_THREE
SYMBOL_GRAPHICS_S17_FOUR
SYMBOL_GRAPHICS_S18_FIVE
SYMBOL_GRAPHICS_S19_SIX
SYMBOL_GRAPHICS_S1A_SEVEN
SYMBOL_GRAPHICS_S1B_EIGHT
SYMBOL_GRAPHICS_S1C_NINE
SYMBOL_GRAPHICS_S1D_HASH
SYMBOL_GRAPHICS_S1E_TERM
SYMBOL_GRAPHICS_S1F_MULT