SYMBOL_GRAPHICS_ZERO
SYMBOL_GRAPHICS_ONE
SYMBOL_GRAPHICS_TWO
SYMBOL_GRAPHICS_THREE
SYMBOL_GRAPHICS_FOUR
SYMBOL_GRAPHICS_FIVE
SYMBOL_GRAPHICS_SIX
SYMBOL_GRAPHICS_SEVEN
SYMBOL_GRAPHICS_EIGHT
SYMBOL_GRAPHICS_NINE
SYMBOL_GRAPHICS_ZARA
SYMBOL_GRAPHICS_TUMBLE_0
SYMBOL_GRAPHICS_TUMBLE_1
SYMBOL_GRAPHICS_BLANK
SYMBOL_GRAPHICS_ACORN
SYMBOL_GRAPHICS_CROWN
SYMBOL_GRAPHICS_EZPZ_0
SYMBOL_GRAPHICS_EZPZ_1
SYMBOL_GRAPHICS_NORM_0
SYMBOL_GRAPHICS_NORM_1
SYMBOL_GRAPHICS_HARD_0
SYMBOL_GRAPHICS_HARD_1
SYMBOL_GRAPHICS_MEGA_0
SYMBOL_GRAPHICS_MEGA_1
SYMBOL_GRAPHICS_LETSGO_0
SYMBOL_GRAPHICS_LETSGO_1
SYMBOL_GRAPHICS_GOODJOB_0
SYMBOL_GRAPHICS_GOODJOB_1
SYMBOL_GRAPHICS_STEPS_0
SYMBOL_GRAPHICS_STEPS_1
SYMBOL_GRAPHICS_STEPS_2
SYMBOL_GRAPHICS_STEPS_3